Performing C SOURCE FILE Test compiler_flag_no_stringop_overflow failed with the following output:
Change Dir: /home/zhf/src/network/sdwan/vpngw/src/vpp/CMakeFiles/CMakeTmp

Run Build Command(s):/usr/bin/ninja cmTC_c8a27 && [1/2] Building C object CMakeFiles/cmTC_c8a27.dir/src.c.o
warning: unknown warning option '-Wno-stringop-overflow'; did you mean '-Wno-shift-overflow'? [-Wunknown-warning-option]
1 warning generated.
[2/2] Linking C executable cmTC_c8a27


Source file was:
int main(void) { return 0; }
Performing C SOURCE FILE Test CMAKE_HAVE_LIBC_PTHREAD failed with the following output:
Change Dir: /home/zhf/src/network/sdwan/vpngw/src/vpp/CMakeFiles/CMakeTmp

Run Build Command(s):/usr/bin/ninja cmTC_49800 && [1/2] Building C object CMakeFiles/cmTC_49800.dir/src.c.o
[2/2] Linking C executable cmTC_49800
FAILED: cmTC_49800 
: && /usr/bin/clang-10 --target=x86_64-linux-gnu -DCMAKE_HAVE_LIBC_PTHREAD   CMakeFiles/cmTC_49800.dir/src.c.o  -o cmTC_49800   && :
/usr/bin/x86_64-linux-gnu-ld: CMakeFiles/cmTC_49800.dir/src.c.o: in function `main':
src.c:(.text+0x35): undefined reference to `pthread_create'
/usr/bin/x86_64-linux-gnu-ld: src.c:(.text+0x41): undefined reference to `pthread_detach'
/usr/bin/x86_64-linux-gnu-ld: src.c:(.text+0x53): undefined reference to `pthread_join'
clang: error: linker command failed with exit code 1 (use -v to see invocation)
ninja: build stopped: subcommand failed.


Source file was:
#include <pthread.h>

void* test_func(void* data)
{
  return data;
}

int main(void)
{
  pthread_t thread;
  pthread_create(&thread, NULL, test_func, NULL);
  pthread_detach(thread);
  pthread_join(thread, NULL);
  pthread_atfork(NULL, NULL, NULL);
  pthread_exit(NULL);

  return 0;
}

Checking whether the ASM compiler is GNU using "--version" did not match "(GNU assembler)|(GCC)|(Free Software Foundation)":
clang version 10.0.0-4ubuntu1 
Target: x86_64-pc-linux-gnu
Thread model: posix
InstalledDir: /usr/bin
Determining if the function SSL_set_async_callback exists failed with the following output:
Change Dir: /home/zhf/src/network/sdwan/vpngw/src/vpp/CMakeFiles/CMakeTmp

Run Build Command(s):/usr/bin/ninja cmTC_f9ae6 && [1/2] Building C object CMakeFiles/cmTC_f9ae6.dir/CheckFunctionExists.c.o
[2/2] Linking C executable cmTC_f9ae6
FAILED: cmTC_f9ae6 
: && /usr/bin/clang-10 --target=x86_64-linux-gnu -DCHECK_FUNCTION_EXISTS=SSL_set_async_callback   CMakeFiles/cmTC_f9ae6.dir/CheckFunctionExists.c.o  -o cmTC_f9ae6  /usr/lib/x86_64-linux-gnu/libssl.so  /usr/lib/x86_64-linux-gnu/libcrypto.so && :
/usr/bin/x86_64-linux-gnu-ld: CMakeFiles/cmTC_f9ae6.dir/CheckFunctionExists.c.o: in function `main':
CheckFunctionExists.c:(.text+0x17): undefined reference to `SSL_set_async_callback'
clang: error: linker command failed with exit code 1 (use -v to see invocation)
ninja: build stopped: subcommand failed.



