The system is: Linux - 5.4.0-121-generic - x86_64
Compiling the C compiler identification source file "CMakeCCompilerId.c" succeeded.
Compiler: /usr/bin/clang-10 
Build flags: 
Id flags:  

The output was:
0


Compilation of the C compiler identification source "CMakeCCompilerId.c" produced "a.out"

The C compiler identification is Clang, found in "/home/zhf/src/network/sdwan/vpngw/src/vpp/CMakeFiles/3.16.3/CompilerIdC/a.out"

Determining if the C compiler works passed with the following output:
Change Dir: /home/zhf/src/network/sdwan/vpngw/src/vpp/CMakeFiles/CMakeTmp

Run Build Command(s):/usr/bin/ninja cmTC_f1a2a && [1/2] Building C object CMakeFiles/cmTC_f1a2a.dir/testCCompiler.c.o
[2/2] Linking C executable cmTC_f1a2a



Detecting C compiler ABI info compiled with the following output:
Change Dir: /home/zhf/src/network/sdwan/vpngw/src/vpp/CMakeFiles/CMakeTmp

Run Build Command(s):/usr/bin/ninja cmTC_d010d && [1/2] Building C object CMakeFiles/cmTC_d010d.dir/CMakeCCompilerABI.c.o
clang version 10.0.0-4ubuntu1 
Target: x86_64-pc-linux-gnu
Thread model: posix
InstalledDir: /usr/bin
Found candidate GCC installation: /usr/bin/../lib/gcc/x86_64-linux-gnu/7
Found candidate GCC installation: /usr/bin/../lib/gcc/x86_64-linux-gnu/7.5.0
Found candidate GCC installation: /usr/bin/../lib/gcc/x86_64-linux-gnu/8
Found candidate GCC installation: /usr/bin/../lib/gcc/x86_64-linux-gnu/9
Found candidate GCC installation: /usr/lib/gcc/x86_64-linux-gnu/7
Found candidate GCC installation: /usr/lib/gcc/x86_64-linux-gnu/7.5.0
Found candidate GCC installation: /usr/lib/gcc/x86_64-linux-gnu/8
Found candidate GCC installation: /usr/lib/gcc/x86_64-linux-gnu/9
Selected GCC installation: /usr/bin/../lib/gcc/x86_64-linux-gnu/9
Candidate multilib: .;@m64
Selected multilib: .;@m64
 (in-process)
 "/usr/lib/llvm-10/bin/clang" -cc1 -triple x86_64-pc-linux-gnu -emit-obj -mrelax-all -disable-free -disable-llvm-verifier -discard-value-names -main-file-name CMakeCCompilerABI.c -mrelocation-model static -mthread-model posix -mframe-pointer=all -fmath-errno -fno-rounding-math -masm-verbose -mconstructor-aliases -munwind-tables -target-cpu x86-64 -dwarf-column-info -fno-split-dwarf-inlining -debugger-tuning=gdb -v -resource-dir /usr/lib/llvm-10/lib/clang/10.0.0 -internal-isystem /usr/local/include -internal-isystem /usr/lib/llvm-10/lib/clang/10.0.0/include -internal-externc-isystem /usr/include/x86_64-linux-gnu -internal-externc-isystem /include -internal-externc-isystem /usr/include -fdebug-compilation-dir /home/zhf/src/network/sdwan/vpngw/src/vpp/CMakeFiles/CMakeTmp -ferror-limit 19 -fmessage-length 0 -fgnuc-version=4.2.1 -fobjc-runtime=gcc -fdiagnostics-show-option -faddrsig -o CMakeFiles/cmTC_d010d.dir/CMakeCCompilerABI.c.o -x c /usr/share/cmake-3.16/Modules/CMakeCCompilerABI.c
clang -cc1 version 10.0.0 based upon LLVM 10.0.0 default target x86_64-pc-linux-gnu
ignoring nonexistent directory "/include"
#include "..." search starts here:
#include <...> search starts here:
 /usr/local/include
 /usr/lib/llvm-10/lib/clang/10.0.0/include
 /usr/include/x86_64-linux-gnu
 /usr/include
End of search list.
[2/2] Linking C executable cmTC_d010d
clang version 10.0.0-4ubuntu1 
Target: x86_64-pc-linux-gnu
Thread model: posix
InstalledDir: /usr/bin
Found candidate GCC installation: /usr/bin/../lib/gcc/x86_64-linux-gnu/7
Found candidate GCC installation: /usr/bin/../lib/gcc/x86_64-linux-gnu/7.5.0
Found candidate GCC installation: /usr/bin/../lib/gcc/x86_64-linux-gnu/8
Found candidate GCC installation: /usr/bin/../lib/gcc/x86_64-linux-gnu/9
Found candidate GCC installation: /usr/lib/gcc/x86_64-linux-gnu/7
Found candidate GCC installation: /usr/lib/gcc/x86_64-linux-gnu/7.5.0
Found candidate GCC installation: /usr/lib/gcc/x86_64-linux-gnu/8
Found candidate GCC installation: /usr/lib/gcc/x86_64-linux-gnu/9
Selected GCC installation: /usr/bin/../lib/gcc/x86_64-linux-gnu/9
Candidate multilib: .;@m64
Selected multilib: .;@m64
 "/usr/bin/ld" -z relro --hash-style=gnu --build-id --eh-frame-hdr -m elf_x86_64 -dynamic-linker /lib64/ld-linux-x86-64.so.2 -o cmTC_d010d /usr/bin/../lib/gcc/x86_64-linux-gnu/9/../../../x86_64-linux-gnu/crt1.o /usr/bin/../lib/gcc/x86_64-linux-gnu/9/../../../x86_64-linux-gnu/crti.o /usr/bin/../lib/gcc/x86_64-linux-gnu/9/crtbegin.o -L/usr/bin/../lib/gcc/x86_64-linux-gnu/9 -L/usr/bin/../lib/gcc/x86_64-linux-gnu/9/../../../x86_64-linux-gnu -L/lib/x86_64-linux-gnu -L/lib/../lib64 -L/usr/lib/x86_64-linux-gnu -L/usr/bin/../lib/gcc/x86_64-linux-gnu/9/../../.. -L/usr/lib/llvm-10/bin/../lib -L/lib -L/usr/lib CMakeFiles/cmTC_d010d.dir/CMakeCCompilerABI.c.o -lgcc --as-needed -lgcc_s --no-as-needed -lc -lgcc --as-needed -lgcc_s --no-as-needed /usr/bin/../lib/gcc/x86_64-linux-gnu/9/crtend.o /usr/bin/../lib/gcc/x86_64-linux-gnu/9/../../../x86_64-linux-gnu/crtn.o



Parsed C implicit include dir info from above output: rv=done
  found start of include info
  found start of implicit include info
    add: [/usr/local/include]
    add: [/usr/lib/llvm-10/lib/clang/10.0.0/include]
    add: [/usr/include/x86_64-linux-gnu]
    add: [/usr/include]
  end of search list found
  collapse include dir [/usr/local/include] ==> [/usr/local/include]
  collapse include dir [/usr/lib/llvm-10/lib/clang/10.0.0/include] ==> [/usr/lib/llvm-10/lib/clang/10.0.0/include]
  collapse include dir [/usr/include/x86_64-linux-gnu] ==> [/usr/include/x86_64-linux-gnu]
  collapse include dir [/usr/include] ==> [/usr/include]
  implicit include dirs: [/usr/local/include;/usr/lib/llvm-10/lib/clang/10.0.0/include;/usr/include/x86_64-linux-gnu;/usr/include]


Parsed C implicit link information from above output:
  link line regex: [^( *|.*[/\])(ld|CMAKE_LINK_STARTFILE-NOTFOUND|([^/\]+-)?ld|collect2)[^/\]*( |$)]
  ignore line: [Change Dir: /home/zhf/src/network/sdwan/vpngw/src/vpp/CMakeFiles/CMakeTmp]
  ignore line: []
  ignore line: [Run Build Command(s):/usr/bin/ninja cmTC_d010d && [1/2] Building C object CMakeFiles/cmTC_d010d.dir/CMakeCCompilerABI.c.o]
  ignore line: [clang version 10.0.0-4ubuntu1 ]
  ignore line: [Target: x86_64-pc-linux-gnu]
  ignore line: [Thread model: posix]
  ignore line: [InstalledDir: /usr/bin]
  ignore line: [Found candidate GCC installation: /usr/bin/../lib/gcc/x86_64-linux-gnu/7]
  ignore line: [Found candidate GCC installation: /usr/bin/../lib/gcc/x86_64-linux-gnu/7.5.0]
  ignore line: [Found candidate GCC installation: /usr/bin/../lib/gcc/x86_64-linux-gnu/8]
  ignore line: [Found candidate GCC installation: /usr/bin/../lib/gcc/x86_64-linux-gnu/9]
  ignore line: [Found candidate GCC installation: /usr/lib/gcc/x86_64-linux-gnu/7]
  ignore line: [Found candidate GCC installation: /usr/lib/gcc/x86_64-linux-gnu/7.5.0]
  ignore line: [Found candidate GCC installation: /usr/lib/gcc/x86_64-linux-gnu/8]
  ignore line: [Found candidate GCC installation: /usr/lib/gcc/x86_64-linux-gnu/9]
  ignore line: [Selected GCC installation: /usr/bin/../lib/gcc/x86_64-linux-gnu/9]
  ignore line: [Candidate multilib: .]
  ignore line: [@m64]
  ignore line: [Selected multilib: .]
  ignore line: [@m64]
  ignore line: [ (in-process)]
  ignore line: [ "/usr/lib/llvm-10/bin/clang" -cc1 -triple x86_64-pc-linux-gnu -emit-obj -mrelax-all -disable-free -disable-llvm-verifier -discard-value-names -main-file-name CMakeCCompilerABI.c -mrelocation-model static -mthread-model posix -mframe-pointer=all -fmath-errno -fno-rounding-math -masm-verbose -mconstructor-aliases -munwind-tables -target-cpu x86-64 -dwarf-column-info -fno-split-dwarf-inlining -debugger-tuning=gdb -v -resource-dir /usr/lib/llvm-10/lib/clang/10.0.0 -internal-isystem /usr/local/include -internal-isystem /usr/lib/llvm-10/lib/clang/10.0.0/include -internal-externc-isystem /usr/include/x86_64-linux-gnu -internal-externc-isystem /include -internal-externc-isystem /usr/include -fdebug-compilation-dir /home/zhf/src/network/sdwan/vpngw/src/vpp/CMakeFiles/CMakeTmp -ferror-limit 19 -fmessage-length 0 -fgnuc-version=4.2.1 -fobjc-runtime=gcc -fdiagnostics-show-option -faddrsig -o CMakeFiles/cmTC_d010d.dir/CMakeCCompilerABI.c.o -x c /usr/share/cmake-3.16/Modules/CMakeCCompilerABI.c]
  ignore line: [clang -cc1 version 10.0.0 based upon LLVM 10.0.0 default target x86_64-pc-linux-gnu]
  ignore line: [ignoring nonexistent directory "/include"]
  ignore line: [#include "..." search starts here:]
  ignore line: [#include <...> search starts here:]
  ignore line: [ /usr/local/include]
  ignore line: [ /usr/lib/llvm-10/lib/clang/10.0.0/include]
  ignore line: [ /usr/include/x86_64-linux-gnu]
  ignore line: [ /usr/include]
  ignore line: [End of search list.]
  ignore line: [[2/2] Linking C executable cmTC_d010d]
  ignore line: [clang version 10.0.0-4ubuntu1 ]
  ignore line: [Target: x86_64-pc-linux-gnu]
  ignore line: [Thread model: posix]
  ignore line: [InstalledDir: /usr/bin]
  ignore line: [Found candidate GCC installation: /usr/bin/../lib/gcc/x86_64-linux-gnu/7]
  ignore line: [Found candidate GCC installation: /usr/bin/../lib/gcc/x86_64-linux-gnu/7.5.0]
  ignore line: [Found candidate GCC installation: /usr/bin/../lib/gcc/x86_64-linux-gnu/8]
  ignore line: [Found candidate GCC installation: /usr/bin/../lib/gcc/x86_64-linux-gnu/9]
  ignore line: [Found candidate GCC installation: /usr/lib/gcc/x86_64-linux-gnu/7]
  ignore line: [Found candidate GCC installation: /usr/lib/gcc/x86_64-linux-gnu/7.5.0]
  ignore line: [Found candidate GCC installation: /usr/lib/gcc/x86_64-linux-gnu/8]
  ignore line: [Found candidate GCC installation: /usr/lib/gcc/x86_64-linux-gnu/9]
  ignore line: [Selected GCC installation: /usr/bin/../lib/gcc/x86_64-linux-gnu/9]
  ignore line: [Candidate multilib: .]
  ignore line: [@m64]
  ignore line: [Selected multilib: .]
  ignore line: [@m64]
  link line: [ "/usr/bin/ld" -z relro --hash-style=gnu --build-id --eh-frame-hdr -m elf_x86_64 -dynamic-linker /lib64/ld-linux-x86-64.so.2 -o cmTC_d010d /usr/bin/../lib/gcc/x86_64-linux-gnu/9/../../../x86_64-linux-gnu/crt1.o /usr/bin/../lib/gcc/x86_64-linux-gnu/9/../../../x86_64-linux-gnu/crti.o /usr/bin/../lib/gcc/x86_64-linux-gnu/9/crtbegin.o -L/usr/bin/../lib/gcc/x86_64-linux-gnu/9 -L/usr/bin/../lib/gcc/x86_64-linux-gnu/9/../../../x86_64-linux-gnu -L/lib/x86_64-linux-gnu -L/lib/../lib64 -L/usr/lib/x86_64-linux-gnu -L/usr/bin/../lib/gcc/x86_64-linux-gnu/9/../../.. -L/usr/lib/llvm-10/bin/../lib -L/lib -L/usr/lib CMakeFiles/cmTC_d010d.dir/CMakeCCompilerABI.c.o -lgcc --as-needed -lgcc_s --no-as-needed -lc -lgcc --as-needed -lgcc_s --no-as-needed /usr/bin/../lib/gcc/x86_64-linux-gnu/9/crtend.o /usr/bin/../lib/gcc/x86_64-linux-gnu/9/../../../x86_64-linux-gnu/crtn.o]
    arg [/usr/bin/ld] ==> ignore
    arg [-zrelro] ==> ignore
    arg [--hash-style=gnu] ==> ignore
    arg [--build-id] ==> ignore
    arg [--eh-frame-hdr] ==> ignore
    arg [-m] ==> ignore
    arg [elf_x86_64] ==> ignore
    arg [-dynamic-linker] ==> ignore
    arg [/lib64/ld-linux-x86-64.so.2] ==> ignore
    arg [-o] ==> ignore
    arg [cmTC_d010d] ==> ignore
    arg [/usr/bin/../lib/gcc/x86_64-linux-gnu/9/../../../x86_64-linux-gnu/crt1.o] ==> ignore
    arg [/usr/bin/../lib/gcc/x86_64-linux-gnu/9/../../../x86_64-linux-gnu/crti.o] ==> ignore
    arg [/usr/bin/../lib/gcc/x86_64-linux-gnu/9/crtbegin.o] ==> ignore
    arg [-L/usr/bin/../lib/gcc/x86_64-linux-gnu/9] ==> dir [/usr/bin/../lib/gcc/x86_64-linux-gnu/9]
    arg [-L/usr/bin/../lib/gcc/x86_64-linux-gnu/9/../../../x86_64-linux-gnu] ==> dir [/usr/bin/../lib/gcc/x86_64-linux-gnu/9/../../../x86_64-linux-gnu]
    arg [-L/lib/x86_64-linux-gnu] ==> dir [/lib/x86_64-linux-gnu]
    arg [-L/lib/../lib64] ==> dir [/lib/../lib64]
    arg [-L/usr/lib/x86_64-linux-gnu] ==> dir [/usr/lib/x86_64-linux-gnu]
    arg [-L/usr/bin/../lib/gcc/x86_64-linux-gnu/9/../../..] ==> dir [/usr/bin/../lib/gcc/x86_64-linux-gnu/9/../../..]
    arg [-L/usr/lib/llvm-10/bin/../lib] ==> dir [/usr/lib/llvm-10/bin/../lib]
    arg [-L/lib] ==> dir [/lib]
    arg [-L/usr/lib] ==> dir [/usr/lib]
    arg [CMakeFiles/cmTC_d010d.dir/CMakeCCompilerABI.c.o] ==> ignore
    arg [-lgcc] ==> lib [gcc]
    arg [--as-needed] ==> ignore
    arg [-lgcc_s] ==> lib [gcc_s]
    arg [--no-as-needed] ==> ignore
    arg [-lc] ==> lib [c]
    arg [-lgcc] ==> lib [gcc]
    arg [--as-needed] ==> ignore
    arg [-lgcc_s] ==> lib [gcc_s]
    arg [--no-as-needed] ==> ignore
    arg [/usr/bin/../lib/gcc/x86_64-linux-gnu/9/crtend.o] ==> ignore
    arg [/usr/bin/../lib/gcc/x86_64-linux-gnu/9/../../../x86_64-linux-gnu/crtn.o] ==> ignore
  collapse library dir [/usr/bin/../lib/gcc/x86_64-linux-gnu/9] ==> [/usr/lib/gcc/x86_64-linux-gnu/9]
  collapse library dir [/usr/bin/../lib/gcc/x86_64-linux-gnu/9/../../../x86_64-linux-gnu] ==> [/usr/lib/x86_64-linux-gnu]
  collapse library dir [/lib/x86_64-linux-gnu] ==> [/lib/x86_64-linux-gnu]
  collapse library dir [/lib/../lib64] ==> [/lib64]
  collapse library dir [/usr/lib/x86_64-linux-gnu] ==> [/usr/lib/x86_64-linux-gnu]
  collapse library dir [/usr/bin/../lib/gcc/x86_64-linux-gnu/9/../../..] ==> [/usr/lib]
  collapse library dir [/usr/lib/llvm-10/bin/../lib] ==> [/usr/lib/llvm-10/lib]
  collapse library dir [/lib] ==> [/lib]
  collapse library dir [/usr/lib] ==> [/usr/lib]
  implicit libs: [gcc;gcc_s;c;gcc;gcc_s]
  implicit dirs: [/usr/lib/gcc/x86_64-linux-gnu/9;/usr/lib/x86_64-linux-gnu;/lib/x86_64-linux-gnu;/lib64;/usr/lib;/usr/lib/llvm-10/lib;/lib]
  implicit fwks: []


Performing C SOURCE FILE Test compiler_flag_march_haswell succeeded with the following output:
Change Dir: /home/zhf/src/network/sdwan/vpngw/src/vpp/CMakeFiles/CMakeTmp

Run Build Command(s):/usr/bin/ninja cmTC_d000a && [1/2] Building C object CMakeFiles/cmTC_d000a.dir/src.c.o
[2/2] Linking C executable cmTC_d000a


Source file was:
int main(void) { return 0; }
Performing C SOURCE FILE Test compiler_flag_mtune_haswell succeeded with the following output:
Change Dir: /home/zhf/src/network/sdwan/vpngw/src/vpp/CMakeFiles/CMakeTmp

Run Build Command(s):/usr/bin/ninja cmTC_c76e4 && [1/2] Building C object CMakeFiles/cmTC_c76e4.dir/src.c.o
[2/2] Linking C executable cmTC_c76e4


Source file was:
int main(void) { return 0; }
Performing C SOURCE FILE Test compiler_flag_march_tremont succeeded with the following output:
Change Dir: /home/zhf/src/network/sdwan/vpngw/src/vpp/CMakeFiles/CMakeTmp

Run Build Command(s):/usr/bin/ninja cmTC_1833d && [1/2] Building C object CMakeFiles/cmTC_1833d.dir/src.c.o
[2/2] Linking C executable cmTC_1833d


Source file was:
int main(void) { return 0; }
Performing C SOURCE FILE Test compiler_flag_mtune_tremont succeeded with the following output:
Change Dir: /home/zhf/src/network/sdwan/vpngw/src/vpp/CMakeFiles/CMakeTmp

Run Build Command(s):/usr/bin/ninja cmTC_24a44 && [1/2] Building C object CMakeFiles/cmTC_24a44.dir/src.c.o
[2/2] Linking C executable cmTC_24a44


Source file was:
int main(void) { return 0; }
Performing C SOURCE FILE Test compiler_flag_march_skylake_avx512 succeeded with the following output:
Change Dir: /home/zhf/src/network/sdwan/vpngw/src/vpp/CMakeFiles/CMakeTmp

Run Build Command(s):/usr/bin/ninja cmTC_d0561 && [1/2] Building C object CMakeFiles/cmTC_d0561.dir/src.c.o
[2/2] Linking C executable cmTC_d0561


Source file was:
int main(void) { return 0; }
Performing C SOURCE FILE Test compiler_flag_mtune_skylake_avx512 succeeded with the following output:
Change Dir: /home/zhf/src/network/sdwan/vpngw/src/vpp/CMakeFiles/CMakeTmp

Run Build Command(s):/usr/bin/ninja cmTC_c9709 && [1/2] Building C object CMakeFiles/cmTC_c9709.dir/src.c.o
[2/2] Linking C executable cmTC_c9709


Source file was:
int main(void) { return 0; }
Performing C SOURCE FILE Test compiler_flag_mprefer_vector_width_256 succeeded with the following output:
Change Dir: /home/zhf/src/network/sdwan/vpngw/src/vpp/CMakeFiles/CMakeTmp

Run Build Command(s):/usr/bin/ninja cmTC_4973b && [1/2] Building C object CMakeFiles/cmTC_4973b.dir/src.c.o
[2/2] Linking C executable cmTC_4973b


Source file was:
int main(void) { return 0; }
Performing C SOURCE FILE Test compiler_flag_march_icelake_client succeeded with the following output:
Change Dir: /home/zhf/src/network/sdwan/vpngw/src/vpp/CMakeFiles/CMakeTmp

Run Build Command(s):/usr/bin/ninja cmTC_e07b8 && [1/2] Building C object CMakeFiles/cmTC_e07b8.dir/src.c.o
[2/2] Linking C executable cmTC_e07b8


Source file was:
int main(void) { return 0; }
Performing C SOURCE FILE Test compiler_flag_mtune_icelake_client succeeded with the following output:
Change Dir: /home/zhf/src/network/sdwan/vpngw/src/vpp/CMakeFiles/CMakeTmp

Run Build Command(s):/usr/bin/ninja cmTC_918fc && [1/2] Building C object CMakeFiles/cmTC_918fc.dir/src.c.o
[2/2] Linking C executable cmTC_918fc


Source file was:
int main(void) { return 0; }
Performing C SOURCE FILE Test compiler_flag_mprefer_vector_width_512 succeeded with the following output:
Change Dir: /home/zhf/src/network/sdwan/vpngw/src/vpp/CMakeFiles/CMakeTmp

Run Build Command(s):/usr/bin/ninja cmTC_cde5b && [1/2] Building C object CMakeFiles/cmTC_cde5b.dir/src.c.o
[2/2] Linking C executable cmTC_cde5b


Source file was:
int main(void) { return 0; }
Performing C SOURCE FILE Test compiler_flag_no_address_of_packed_member succeeded with the following output:
Change Dir: /home/zhf/src/network/sdwan/vpngw/src/vpp/CMakeFiles/CMakeTmp

Run Build Command(s):/usr/bin/ninja cmTC_41e4f && [1/2] Building C object CMakeFiles/cmTC_41e4f.dir/src.c.o
[2/2] Linking C executable cmTC_41e4f


Source file was:
int main(void) { return 0; }
Determining if the include file pthread.h exists passed with the following output:
Change Dir: /home/zhf/src/network/sdwan/vpngw/src/vpp/CMakeFiles/CMakeTmp

Run Build Command(s):/usr/bin/ninja cmTC_9b24c && [1/2] Building C object CMakeFiles/cmTC_9b24c.dir/CheckIncludeFile.c.o
[2/2] Linking C executable cmTC_9b24c



Performing C SOURCE FILE Test HAVE_FCNTL64 succeeded with the following output:
Change Dir: /home/zhf/src/network/sdwan/vpngw/src/vpp/CMakeFiles/CMakeTmp

Run Build Command(s):/usr/bin/ninja cmTC_cf11c && [1/2] Building C object CMakeFiles/cmTC_cf11c.dir/src.c.o
[2/2] Linking C executable cmTC_cf11c


Source file was:

  #define _GNU_SOURCE
  #include <fcntl.h>
  int main() { return fcntl64 (0, 0); }

Checking whether the ASM compiler is Clang using "--version" matched "(clang version)":
clang version 10.0.0-4ubuntu1 
Target: x86_64-pc-linux-gnu
Thread model: posix
InstalledDir: /usr/bin
